<?xml version="1.0" encoding="UTF-8" standalone="no"?>
<!DOCTYPE log SYSTEM "logger.dtd">
<log>
<record>
  <date>2018-10-25T16:56:57</date>
  <millis>1540466817165</millis>
  <sequence>0</sequence>
  <level>START</level>
  <class>com.kms.katalon.core.logging.KeywordLogger</class>
  <method>startSuite</method>
  <thread>1</thread>
  <message>Start Test Suite : Test Suites/Demo</message>
  <nestedLevel>0</nestedLevel>
  <property name="name">Demo</property>
  <property name="description"></property>
  <property name="id">Test Suites/Demo</property>
</record>
<record>
  <date>2018-10-25T16:56:57</date>
  <millis>1540466817192</millis>
  <sequence>1</sequence>
  <level>RUN_DATA</level>
  <class>com.kms.katalon.core.logging.KeywordLogger</class>
  <method>logMessage</method>
  <thread>1</thread>
  <message>Logging run data &amp;apos;hostName&amp;apos; with value &amp;apos;AAYENDLURI - AnuradhaYend1IN.amr.smtf.ds&amp;apos;</message>
  <nestedLevel>0</nestedLevel>
  <property name="hostName">AAYENDLURI - AnuradhaYend1IN.amr.smtf.ds</property>
</record>
<record>
  <date>2018-10-25T16:56:57</date>
  <millis>1540466817193</millis>
  <sequence>2</sequence>
  <level>RUN_DATA</level>
  <class>com.kms.katalon.core.logging.KeywordLogger</class>
  <method>logMessage</method>
  <thread>1</thread>
  <message>Logging run data &amp;apos;os&amp;apos; with value &amp;apos;Windows 8.1 64bit&amp;apos;</message>
  <nestedLevel>0</nestedLevel>
  <property name="os">Windows 8.1 64bit</property>
</record>
<record>
  <date>2018-10-25T16:56:57</date>
  <millis>1540466817193</millis>
  <sequence>3</sequence>
  <level>RUN_DATA</level>
  <class>com.kms.katalon.core.logging.KeywordLogger</class>
  <method>logMessage</method>
  <thread>1</thread>
  <message>Logging run data &amp;apos;hostAddress&amp;apos; with value &amp;apos;10.144.23.34&amp;apos;</message>
  <nestedLevel>0</nestedLevel>
  <property name="hostAddress">10.144.23.34</property>
</record>
<record>
  <date>2018-10-25T16:56:57</date>
  <millis>1540466817195</millis>
  <sequence>4</sequence>
  <level>RUN_DATA</level>
  <class>com.kms.katalon.core.logging.KeywordLogger</class>
  <method>logMessage</method>
  <thread>1</thread>
  <message>Logging run data &amp;apos;katalonVersion&amp;apos; with value &amp;apos;5.8.0.1&amp;apos;</message>
  <nestedLevel>0</nestedLevel>
  <property name="katalonVersion">5.8.0.1</property>
</record>
<record>
  <date>2018-10-25T16:56:57</date>
  <millis>1540466817701</millis>
  <sequence>5</sequence>
  <level>START</level>
  <class>com.kms.katalon.core.logging.KeywordLogger</class>
  <method>startTest</method>
  <thread>1</thread>
  <message>Start Test Case : Test Cases/TestCases/oauth2tests/Aouth2SampleCodeTest</message>
  <nestedLevel>1</nestedLevel>
  <property name="name">Test Cases/TestCases/oauth2tests/Aouth2SampleCodeTest</property>
  <property name="description"></property>
  <property name="id">Test Cases/TestCases/oauth2tests/Aouth2SampleCodeTest</property>
  <property name="source">D:\\KatalonAPI\\KatalonAPITesting\\Test Cases\\TestCases\\oauth2tests\\Aouth2SampleCodeTest.tc</property>
  <property name="isOptional">false</property>
</record>
<record>
  <date>2018-10-25T16:56:57</date>
  <millis>1540466817748</millis>
  <sequence>6</sequence>
  <level>INFO</level>
  <class>com.kms.katalon.core.logging.KeywordLogger</class>
  <method>logMessage</method>
  <thread>1</thread>
  <message>Evaluating variables for test case</message>
  <nestedLevel>1</nestedLevel>
</record>
<record>
  <date>2018-10-25T16:56:58</date>
  <millis>1540466818298</millis>
  <sequence>7</sequence>
  <level>START</level>
  <class>com.kms.katalon.core.logging.KeywordLogger</class>
  <method>startKeyword</method>
  <thread>1</thread>
  <message>Start action : oauth2.SampleCode.AuthCode</message>
  <nestedLevel>1</nestedLevel>
  <property name="startLine">16</property>
  <property name="stepIndex">1</property>
</record>
